<?xml version="1.0" encoding="UTF-8"?>
<testsuite name="Registrar usuario en uTest" tests="1" skipped="0" failures="1" errors="0" timestamp="2022-09-01T16:47:02" hostname="LAPTOP-72HIK072" time="0.733">
  <properties/>
  <testcase name="Utest" classname="Registrar usuario en uTest" time="0.733">
    <failure message="java.lang.NullPointerException" type="java.lang.NullPointerException">java.lang.NullPointerException
	at net.serenitybdd.screenplay.actors.OnStage.anActorIsOnStage(OnStage.java:41)
	at net.serenitybdd.screenplay.actors.OnStage.theActorCalled(OnStage.java:32)
	at stepdefinitions.ChoucairUTestStepDefinitions.daniela_desea_registrarse_en_la_plataforma_Utest(ChoucairUTestStepDefinitions.java:19)
	at ✽.Daniela desea registrarse en la plataforma Utest(src/test/resources/features/choucair_reg_usuario.feature:8)
</failure>
    <failure message="cucumber.runtime.junit.UndefinedThrowable: The step &quot;Daniela ingresa toda la informacioón requerida por la pagina&quot; is undefined" type="cucumber.runtime.junit.UndefinedThrowable">cucumber.runtime.junit.UndefinedThrowable: The step &quot;Daniela ingresa toda la informacioón requerida por la pagina&quot; is undefined
</failure>
    <failure message="cucumber.runtime.junit.UndefinedThrowable: The step &quot;el registro se completa cuando aparece el Boton Complete Setup&quot; is undefined" type="cucumber.runtime.junit.UndefinedThrowable">cucumber.runtime.junit.UndefinedThrowable: The step &quot;el registro se completa cuando aparece el Boton Complete Setup&quot; is undefined
</failure>
  </testcase>
  <system-out><![CDATA[]]></system-out>
  <system-err><![CDATA[[Test worker] WARN net.thucydides.core.steps.BaseStepListener - stepStarted: net.thucydides.core.steps.ExecutedStepDescription@545de5a4
[Test worker] WARN net.thucydides.core.steps.BaseStepListener - stepStarted: net.thucydides.core.steps.ExecutedStepDescription@23c650a3
[Test worker] INFO net.thucydides.core.steps.ConsoleLoggingListener - TEST PENDING
[Test worker] WARN net.thucydides.core.steps.BaseStepListener - stepStarted: net.thucydides.core.steps.ExecutedStepDescription@60222fd8
[Test worker] WARN net.thucydides.core.steps.BaseStepListener - testFinished: Utest:Given Daniela desea registrarse en la plataforma Utest, When Daniela ingresa toda la informacioón requerida por la pagina
| strNombre | strApellido | strEmail | strMes | strDia | strAno | strCuidad | strCodPostal | strCuidad | strComputador | strVersion | strLenguaje | strDispositivo | strModelo | strSistema | strContrasena |
| Daniela | Valdes | danieladayana.valdez2018@gmail.com | January | 12 | 2002 | Ibague | 730004 | Colombia | Windows | 11 | Spanish | Apple | Iphone 12 | iOS 15 | Palpito123&% |, Then el registro se completa cuando aparece el Boton Complete Setup
| strFinal |
| Complete Setup |
[Test worker] WARN net.thucydides.core.steps.BaseStepListener - TestOutcomes: [Utest:Given Daniela desea registrarse en la plataforma Utest, When Daniela ingresa toda la informacioón requerida por la pagina
| strNombre | strApellido | strEmail | strMes | strDia | strAno | strCuidad | strCodPostal | strCuidad | strComputador | strVersion | strLenguaje | strDispositivo | strModelo | strSistema | strContrasena |
| Daniela | Valdes | danieladayana.valdez2018@gmail.com | January | 12 | 2002 | Ibague | 730004 | Colombia | Windows | 11 | Spanish | Apple | Iphone 12 | iOS 15 | Palpito123&% |, Then el registro se completa cuando aparece el Boton Complete Setup
| strFinal |
| Complete Setup |]
[Test worker] WARN net.thucydides.core.steps.BaseStepListener - Final testOutcomes: [Utest:Given Daniela desea registrarse en la plataforma Utest, When Daniela ingresa toda la informacioón requerida por la pagina
| strNombre | strApellido | strEmail | strMes | strDia | strAno | strCuidad | strCodPostal | strCuidad | strComputador | strVersion | strLenguaje | strDispositivo | strModelo | strSistema | strContrasena |
| Daniela | Valdes | danieladayana.valdez2018@gmail.com | January | 12 | 2002 | Ibague | 730004 | Colombia | Windows | 11 | Spanish | Apple | Iphone 12 | iOS 15 | Palpito123&% |, Then el registro se completa cuando aparece el Boton Complete Setup
| strFinal |
| Complete Setup |]
[Test worker] ERROR net.thucydides.core.steps.ConsoleLoggingListener - 
           __  _____ _____ ____ _____   _____ _    ___ _     _____ ____  
  _       / / |_   _| ____/ ___|_   _| |  ___/ \  |_ _| |   | ____|  _ \ 
 (_)_____| |    | | |  _| \___ \ | |   | |_ / _ \  | || |   |  _| | | | |
  _|_____| |    | | | |___ ___) || |   |  _/ ___ \ | || |___| |___| |_| |
 (_)     | |    |_| |_____|____/ |_|   |_|/_/   \_\___|_____|_____|____/ 
          \_\                                                            

TEST FAILED WITH ERROR: Utest
---------------------------------------------------------------------
[Test worker] ERROR net.thucydides.core.steps.ConsoleLoggingListener - TEST FAILED AT STEP Given Daniela desea registrarse en la plataforma Utest
[Test worker] ERROR net.thucydides.core.steps.ConsoleLoggingListener - 
]]></system-err>
</testsuite>
